<?xml version="1.0" encoding="UTF-8"?>
<!-- Generated by org.testng.reporters.JUnitReportReporter -->
<testsuite hostname="DESKTOP-IT12701" failures="0" tests="4" name="test.Day4" time="0.024" errors="0" timestamp="2023-09-30T11:17:41 IST" skipped="0">
  <testcase classname="test.Day4" name="MobileLoginHomeLoan" time="0.006"/>
  <testcase classname="test.Day4" name="WebLoginHomeLoan" time="0.004"/>
  <testcase classname="test.Day4" name="MobileLoginHomeLoan" time="0.005"/>
  <testcase classname="test.Day4" name="MobileLoginHomeLoan" time="0.009"/>
</testsuite> <!-- test.Day4 -->
