<?xml version="1.0" encoding="UTF-8"?>
<!-- Generated by org.testng.reporters.JUnitReportReporter -->
<testsuite hostname="DESKTOP-IT12701" failures="0" tests="5" name="test.Day3" time="0.038" errors="0" timestamp="2023-09-30T11:17:41 IST" skipped="0">
  <testcase classname="test.Day3" name="MobileLogoutCarLoan" time="0.007"/>
  <testcase classname="test.Day3" name="MobileSigninCarLoan" time="0.004"/>
  <testcase classname="test.Day3" name="WebLoginCarLoan" time="0.006"/>
  <testcase classname="test.Day3" name="MobileSignoutCarLoan" time="0.008"/>
  <testcase classname="test.Day3" name="LoginAPICarLoan" time="0.013"/>
</testsuite> <!-- test.Day3 -->
