<?xml version="1.0" encoding="UTF-8"?>
<!-- Generated by org.testng.reporters.JUnitReportReporter -->
<testsuite hostname="DESKTOP-IT12701" failures="0" tests="2" name="test.Day1" time="0.017" errors="0" timestamp="2023-09-30T11:17:41 IST" skipped="0">
  <testcase classname="test.Day1" name="Demo" time="0.014"/>
  <testcase classname="test.Day1" name="SecondTest" time="0.003"/>
</testsuite> <!-- test.Day1 -->
